Determining if the pthread_create exist failed with the following output:
Change Dir: /home/kristoffer/project/build/CMakeFiles/CMakeTmp

Run Build Command:"/usr/bin/make" "cmTC_bc2e7/fast"
/usr/bin/make -f CMakeFiles/cmTC_bc2e7.dir/build.make CMakeFiles/cmTC_bc2e7.dir/build
make[1]: Entering directory '/home/kristoffer/project/build/CMakeFiles/CMakeTmp'
Building C object CMakeFiles/cmTC_bc2e7.dir/CheckSymbolExists.c.o
/usr/bin/cc     -o CMakeFiles/cmTC_bc2e7.dir/CheckSymbolExists.c.o   -c /home/kristoffer/project/build/CMakeFiles/CMakeTmp/CheckSymbolExists.c
Linking C executable cmTC_bc2e7
/usr/bin/cmake -E cmake_link_script CMakeFiles/cmTC_bc2e7.dir/link.txt --verbose=1
/usr/bin/cc       CMakeFiles/cmTC_bc2e7.dir/CheckSymbolExists.c.o  -o cmTC_bc2e7 -rdynamic 
CMakeFiles/cmTC_bc2e7.dir/CheckSymbolExists.c.o: In function `main':
CheckSymbolExists.c:(.text+0x16): undefined reference to `pthread_create'
collect2: error: ld returned 1 exit status
CMakeFiles/cmTC_bc2e7.dir/build.make:97: recipe for target 'cmTC_bc2e7' failed
make[1]: *** [cmTC_bc2e7] Error 1
make[1]: Leaving directory '/home/kristoffer/project/build/CMakeFiles/CMakeTmp'
Makefile:126: recipe for target 'cmTC_bc2e7/fast' failed
make: *** [cmTC_bc2e7/fast] Error 2

File /home/kristoffer/project/build/CMakeFiles/CMakeTmp/CheckSymbolExists.c:
/* */
#include <pthread.h>

int main(int argc, char** argv)
{
  (void)argv;
#ifndef pthread_create
  return ((int*)(&pthread_create))[argc];
#else
  (void)argc;
  return 0;
#endif
}

Determining if the function pthread_create exists in the pthreads failed with the following output:
Change Dir: /home/kristoffer/project/build/CMakeFiles/CMakeTmp

Run Build Command:"/usr/bin/make" "cmTC_849b2/fast"
/usr/bin/make -f CMakeFiles/cmTC_849b2.dir/build.make CMakeFiles/cmTC_849b2.dir/build
make[1]: Entering directory '/home/kristoffer/project/build/CMakeFiles/CMakeTmp'
Building C object CMakeFiles/cmTC_849b2.dir/CheckFunctionExists.c.o
/usr/bin/cc    -DCHECK_FUNCTION_EXISTS=pthread_create   -o CMakeFiles/cmTC_849b2.dir/CheckFunctionExists.c.o   -c /usr/share/cmake-3.5/Modules/CheckFunctionExists.c
Linking C executable cmTC_849b2
/usr/bin/cmake -E cmake_link_script CMakeFiles/cmTC_849b2.dir/link.txt --verbose=1
/usr/bin/cc   -DCHECK_FUNCTION_EXISTS=pthread_create    CMakeFiles/cmTC_849b2.dir/CheckFunctionExists.c.o  -o cmTC_849b2 -rdynamic -lpthreads 
/usr/bin/ld: cannot find -lpthreads
collect2: error: ld returned 1 exit status
CMakeFiles/cmTC_849b2.dir/build.make:97: recipe for target 'cmTC_849b2' failed
make[1]: *** [cmTC_849b2] Error 1
make[1]: Leaving directory '/home/kristoffer/project/build/CMakeFiles/CMakeTmp'
Makefile:126: recipe for target 'cmTC_849b2/fast' failed
make: *** [cmTC_849b2/fast] Error 2


Determining if the pthread_create exist failed with the following output:
Change Dir: /home/noah/Documents/Robotics/project/build/CMakeFiles/CMakeTmp

Run Build Command:"/usr/bin/make" "cmTC_c683b/fast"
/usr/bin/make -f CMakeFiles/cmTC_c683b.dir/build.make CMakeFiles/cmTC_c683b.dir/build
make[1]: Entering directory '/home/noah/Documents/Robotics/project/build/CMakeFiles/CMakeTmp'
Building C object CMakeFiles/cmTC_c683b.dir/CheckSymbolExists.c.o
/usr/bin/cc     -o CMakeFiles/cmTC_c683b.dir/CheckSymbolExists.c.o   -c /home/noah/Documents/Robotics/project/build/CMakeFiles/CMakeTmp/CheckSymbolExists.c
Linking C executable cmTC_c683b
/usr/bin/cmake -E cmake_link_script CMakeFiles/cmTC_c683b.dir/link.txt --verbose=1
/usr/bin/cc       CMakeFiles/cmTC_c683b.dir/CheckSymbolExists.c.o  -o cmTC_c683b -rdynamic 
CMakeFiles/cmTC_c683b.dir/CheckSymbolExists.c.o: In function `main':
CheckSymbolExists.c:(.text+0x16): undefined reference to `pthread_create'
collect2: error: ld returned 1 exit status
CMakeFiles/cmTC_c683b.dir/build.make:97: recipe for target 'cmTC_c683b' failed
make[1]: *** [cmTC_c683b] Error 1
make[1]: Leaving directory '/home/noah/Documents/Robotics/project/build/CMakeFiles/CMakeTmp'
Makefile:126: recipe for target 'cmTC_c683b/fast' failed
make: *** [cmTC_c683b/fast] Error 2

File /home/noah/Documents/Robotics/project/build/CMakeFiles/CMakeTmp/CheckSymbolExists.c:
/* */
#include <pthread.h>

int main(int argc, char** argv)
{
  (void)argv;
#ifndef pthread_create
  return ((int*)(&pthread_create))[argc];
#else
  (void)argc;
  return 0;
#endif
}

Determining if the function pthread_create exists in the pthreads failed with the following output:
Change Dir: /home/noah/Documents/Robotics/project/build/CMakeFiles/CMakeTmp

Run Build Command:"/usr/bin/make" "cmTC_3a994/fast"
/usr/bin/make -f CMakeFiles/cmTC_3a994.dir/build.make CMakeFiles/cmTC_3a994.dir/build
make[1]: Entering directory '/home/noah/Documents/Robotics/project/build/CMakeFiles/CMakeTmp'
Building C object CMakeFiles/cmTC_3a994.dir/CheckFunctionExists.c.o
/usr/bin/cc    -DCHECK_FUNCTION_EXISTS=pthread_create   -o CMakeFiles/cmTC_3a994.dir/CheckFunctionExists.c.o   -c /usr/share/cmake-3.5/Modules/CheckFunctionExists.c
Linking C executable cmTC_3a994
/usr/bin/cmake -E cmake_link_script CMakeFiles/cmTC_3a994.dir/link.txt --verbose=1
/usr/bin/cc   -DCHECK_FUNCTION_EXISTS=pthread_create    CMakeFiles/cmTC_3a994.dir/CheckFunctionExists.c.o  -o cmTC_3a994 -rdynamic -lpthreads 
/usr/bin/ld: cannot find -lpthreads
collect2: error: ld returned 1 exit status
CMakeFiles/cmTC_3a994.dir/build.make:97: recipe for target 'cmTC_3a994' failed
make[1]: *** [cmTC_3a994] Error 1
make[1]: Leaving directory '/home/noah/Documents/Robotics/project/build/CMakeFiles/CMakeTmp'
Makefile:126: recipe for target 'cmTC_3a994/fast' failed
make: *** [cmTC_3a994/fast] Error 2


